Enhancing tickets table...
python : Traceback 
(most recent call 
last):
At line:1 char:22
+ $env:PYTHONPATH="."; 
python scripts/migrate_
tickets.py 2>&1 | 
Out-Fil ...
+                      
~~~~~~~~~~~~~~~~~~~~~~~
~~~~~~~~~~~~~~~
    + CategoryInfo     
         : NotSpecifi  
  ed: (Traceback (mo   
 st recent call las    
t)::String) [], Re    
moteException
    + FullyQualifiedEr 
   rorId : NativeComm  
  andError
 
  File "C:\Users\singh\
AppData\Roaming\Python\
Python312\site-packages
\sqlalchemy\engine\base
.py", line 1967, in 
_exec_single_context
    self.dialect.do_exe
cute(
  File "C:\Users\singh\
AppData\Roaming\Python\
Python312\site-packages
\sqlalchemy\engine\defa
ult.py", line 952, in 
do_execute
    cursor.execute(stat
ement, parameters)
psycopg2.errors.Undefin
edTable: relation 
"tickets" does not 
exist


The above exception 
was the direct cause 
of the following 
exception:

Traceback (most recent 
call last):
  File "C:\RANCHO\ASR\P
ROJECTS\Metro 
Ticketing System\backen
d\scripts\migrate_ticke
ts.py", line 15, in 
<module>
    migrate_tickets()
  File "C:\RANCHO\ASR\P
ROJECTS\Metro 
Ticketing System\backen
d\scripts\migrate_ticke
ts.py", line 8, in 
migrate_tickets
    conn.execute(text("
ALTER TABLE tickets 
ADD COLUMN IF NOT 
EXISTS 
source_station_id UUID 
REFERENCES 
stations(id)"))
  File "C:\Users\singh\
AppData\Roaming\Python\
Python312\site-packages
\sqlalchemy\engine\base
.py", line 1419, in 
execute
    return meth(
           ^^^^^
  File "C:\Users\singh\
AppData\Roaming\Python\
Python312\site-packages
\sqlalchemy\sql\element
s.py", line 527, in 
_execute_on_connection
    return connection._
execute_clauseelement(
           ^^^^^^^^^^^^
^^^^^^^^^^^^^^^^^^^^^^
  File "C:\Users\singh\
AppData\Roaming\Python\
Python312\site-packages
\sqlalchemy\engine\base
.py", line 1641, in 
_execute_clauseelement
    ret = 
self._execute_context(
          
^^^^^^^^^^^^^^^^^^^^^^
  File "C:\Users\singh\
AppData\Roaming\Python\
Python312\site-packages
\sqlalchemy\engine\base
.py", line 1846, in 
_execute_context
    return self._exec_s
ingle_context(
           ^^^^^^^^^^^^
^^^^^^^^^^^^^^
  File "C:\Users\singh\
AppData\Roaming\Python\
Python312\site-packages
\sqlalchemy\engine\base
.py", line 1986, in 
_exec_single_context
    self._handle_dbapi_
exception(
  File "C:\Users\singh\
AppData\Roaming\Python\
Python312\site-packages
\sqlalchemy\engine\base
.py", line 2363, in 
_handle_dbapi_exception
    raise sqlalchemy_ex
ception.with_traceback(
exc_info[2]) from e
  File "C:\Users\singh\
AppData\Roaming\Python\
Python312\site-packages
\sqlalchemy\engine\base
.py", line 1967, in 
_exec_single_context
    self.dialect.do_exe
cute(
  File "C:\Users\singh\
AppData\Roaming\Python\
Python312\site-packages
\sqlalchemy\engine\defa
ult.py", line 952, in 
do_execute
    cursor.execute(stat
ement, parameters)
sqlalchemy.exc.Programm
ingError: (psycopg2.err
ors.UndefinedTable) 
relation "tickets" 
does not exist

[SQL: ALTER TABLE 
tickets ADD COLUMN IF 
NOT EXISTS 
source_station_id UUID 
REFERENCES 
stations(id)]
(Background on this 
error at: https://sqlal
che.me/e/20/f405)
